<?xml version="1.0" encoding="UTF-8"?>
<testng-results skipped="0" failed="1" ignored="0" total="1" passed="0">
  <reporter-output>
  </reporter-output>
  <suite name="Default suite" duration-ms="8898" started-at="2021-07-08T12:31:43 IST" finished-at="2021-07-08T12:31:52 IST">
    <groups>
    </groups>
    <test name="Default test" duration-ms="8898" started-at="2021-07-08T12:31:43 IST" finished-at="2021-07-08T12:31:52 IST">
      <class name="pkg1.YotubeClickHistoryTC2">
        <test-method status="PASS" signature="browserOpen()[pri:0, instance:pkg1.YotubeClickHistoryTC2@184f6be2]" name="browserOpen" is-config="true" duration-ms="4776" started-at="2021-07-08T12:31:43 IST" finished-at="2021-07-08T12:31:48 IST">
          <reporter-output>
          </reporter-output>
        </test-method> <!-- browserOpen -->
        <test-method status="FAIL" signature="historyclick()[pri:0, instance:pkg1.YotubeClickHistoryTC2@184f6be2]" name="historyclick" duration-ms="2074" started-at="2021-07-08T12:31:48 IST" finished-at="2021-07-08T12:31:50 IST">
          <exception class="org.openqa.selenium.InvalidSelectorException">
            <message>
              <![CDATA[invalid selector: Unable to locate an element with the xpath expression //tp-yt-paper-item[role='tab' or class='style-scope ytd-guide-entry-renderer' or tabindex='0')] because of the following error:
SyntaxError: Failed to execute 'evaluate' on 'Document': The string '//tp-yt-paper-item[role='tab' or class='style-scope ytd-guide-entry-renderer' or tabindex='0')]' is not a valid XPath expression.
  (Session info: chrome=91.0.4472.124)
For documentation on this error, please visit: https://www.seleniumhq.org/exceptions/invalid_selector_exception.html
Build info: version: '3.141.59', revision: 'e82be7d358', time: '2018-11-14T08:25:48'
System info: host: 'LAPTOP-7LJGM0EB', ip: '192.168.43.90', os.name: 'Windows 10', os.arch: 'amd64', os.version: '10.0', java.version: '1.8.0_291'
Driver info: org.openqa.selenium.chrome.ChromeDriver
Capabilities {acceptInsecureCerts: false, browserName: chrome, browserVersion: 91.0.4472.124, chrome: {chromedriverVersion: 91.0.4472.101 (af52a90bf870..., userDataDir: C:\Users\megha\AppData\Loca...}, goog:chromeOptions: {debuggerAddress: localhost:53030}, javascriptEnabled: true, networkConnectionEnabled: false, pageLoadStrategy: normal, platform: WINDOWS, platformName: WINDOWS, proxy: Proxy(), setWindowRect: true, strictFileInteractability: false, timeouts: {implicit: 0, pageLoad: 300000, script: 30000}, unhandledPromptBehavior: dismiss and notify, webauthn:extension:largeBlob: true, webauthn:virtualAuthenticators: true}
Session ID: bec6089f4008b9e2ee16ee3e6e7cc2dc
*** Element info: {Using=xpath, value=//tp-yt-paper-item[role='tab' or class='style-scope ytd-guide-entry-renderer' or tabindex='0')]}]]>
            </message>
            <full-stacktrace>
              <![CDATA[org.openqa.selenium.InvalidSelectorException: invalid selector: Unable to locate an element with the xpath expression //tp-yt-paper-item[role='tab' or class='style-scope ytd-guide-entry-renderer' or tabindex='0')] because of the following error:
SyntaxError: Failed to execute 'evaluate' on 'Document': The string '//tp-yt-paper-item[role='tab' or class='style-scope ytd-guide-entry-renderer' or tabindex='0')]' is not a valid XPath expression.
  (Session info: chrome=91.0.4472.124)
For documentation on this error, please visit: https://www.seleniumhq.org/exceptions/invalid_selector_exception.html
Build info: version: '3.141.59', revision: 'e82be7d358', time: '2018-11-14T08:25:48'
System info: host: 'LAPTOP-7LJGM0EB', ip: '192.168.43.90', os.name: 'Windows 10', os.arch: 'amd64', os.version: '10.0', java.version: '1.8.0_291'
Driver info: org.openqa.selenium.chrome.ChromeDriver
Capabilities {acceptInsecureCerts: false, browserName: chrome, browserVersion: 91.0.4472.124, chrome: {chromedriverVersion: 91.0.4472.101 (af52a90bf870..., userDataDir: C:\Users\megha\AppData\Loca...}, goog:chromeOptions: {debuggerAddress: localhost:53030}, javascriptEnabled: true, networkConnectionEnabled: false, pageLoadStrategy: normal, platform: WINDOWS, platformName: WINDOWS, proxy: Proxy(), setWindowRect: true, strictFileInteractability: false, timeouts: {implicit: 0, pageLoad: 300000, script: 30000}, unhandledPromptBehavior: dismiss and notify, webauthn:extension:largeBlob: true, webauthn:virtualAuthenticators: true}
Session ID: bec6089f4008b9e2ee16ee3e6e7cc2dc
*** Element info: {Using=xpath, value=//tp-yt-paper-item[role='tab' or class='style-scope ytd-guide-entry-renderer' or tabindex='0')]}
at sun.reflect.NativeConstructorAccessorImpl.newInstance0(Native Method)
at sun.reflect.NativeConstructorAccessorImpl.newInstance(Unknown Source)
at sun.reflect.DelegatingConstructorAccessorImpl.newInstance(Unknown Source)
at java.lang.reflect.Constructor.newInstance(Unknown Source)
at org.openqa.selenium.remote.http.W3CHttpResponseCodec.createException(W3CHttpResponseCodec.java:187)
at org.openqa.selenium.remote.http.W3CHttpResponseCodec.decode(W3CHttpResponseCodec.java:122)
at org.openqa.selenium.remote.http.W3CHttpResponseCodec.decode(W3CHttpResponseCodec.java:49)
at org.openqa.selenium.remote.HttpCommandExecutor.execute(HttpCommandExecutor.java:158)
at org.openqa.selenium.remote.service.DriverCommandExecutor.execute(DriverCommandExecutor.java:83)
at org.openqa.selenium.remote.RemoteWebDriver.execute(RemoteWebDriver.java:552)
at org.openqa.selenium.remote.RemoteWebDriver.findElement(RemoteWebDriver.java:323)
at org.openqa.selenium.remote.RemoteWebDriver.findElementByXPath(RemoteWebDriver.java:428)
at org.openqa.selenium.By$ByXPath.findElement(By.java:353)
at org.openqa.selenium.remote.RemoteWebDriver.findElement(RemoteWebDriver.java:315)
at pkg1.YotubeClickHistoryTC2.historyclick(YotubeClickHistoryTC2.java:33)
at sun.reflect.NativeMethodAccessorImpl.invoke0(Native Method)
at sun.reflect.NativeMethodAccessorImpl.invoke(Unknown Source)
at sun.reflect.DelegatingMethodAccessorImpl.invoke(Unknown Source)
at java.lang.reflect.Method.invoke(Unknown Source)
at org.testng.internal.MethodInvocationHelper.invokeMethod(MethodInvocationHelper.java:133)
at org.testng.internal.TestInvoker.invokeMethod(TestInvoker.java:598)
at org.testng.internal.TestInvoker.invokeTestMethod(TestInvoker.java:173)
at org.testng.internal.MethodRunner.runInSequence(MethodRunner.java:46)
at org.testng.internal.TestInvoker$MethodInvocationAgent.invoke(TestInvoker.java:824)
at org.testng.internal.TestInvoker.invokeTestMethods(TestInvoker.java:146)
at org.testng.internal.TestMethodWorker.invokeTestMethods(TestMethodWorker.java:146)
at org.testng.internal.TestMethodWorker.run(TestMethodWorker.java:128)
at java.util.ArrayList.forEach(Unknown Source)
at org.testng.TestRunner.privateRun(TestRunner.java:794)
at org.testng.TestRunner.run(TestRunner.java:596)
at org.testng.SuiteRunner.runTest(SuiteRunner.java:377)
at org.testng.SuiteRunner.runSequentially(SuiteRunner.java:371)
at org.testng.SuiteRunner.privateRun(SuiteRunner.java:332)
at org.testng.SuiteRunner.run(SuiteRunner.java:276)
at org.testng.SuiteRunnerWorker.runSuite(SuiteRunnerWorker.java:53)
at org.testng.SuiteRunnerWorker.run(SuiteRunnerWorker.java:96)
at org.testng.TestNG.runSuitesSequentially(TestNG.java:1212)
at org.testng.TestNG.runSuitesLocally(TestNG.java:1134)
at org.testng.TestNG.runSuites(TestNG.java:1063)
at org.testng.TestNG.run(TestNG.java:1031)
at org.testng.remote.AbstractRemoteTestNG.run(AbstractRemoteTestNG.java:115)
at org.testng.remote.RemoteTestNG.initAndRun(RemoteTestNG.java:251)
at org.testng.remote.RemoteTestNG.main(RemoteTestNG.java:77)
]]>
            </full-stacktrace>
          </exception> <!-- org.openqa.selenium.InvalidSelectorException -->
          <reporter-output>
          </reporter-output>
        </test-method> <!-- historyclick -->
        <test-method status="PASS" signature="browserClose()[pri:0, instance:pkg1.YotubeClickHistoryTC2@184f6be2]" name="browserClose" is-config="true" duration-ms="2012" started-at="2021-07-08T12:31:50 IST" finished-at="2021-07-08T12:31:52 IST">
          <reporter-output>
          </reporter-output>
        </test-method> <!-- browserClose -->
      </class> <!-- pkg1.YotubeClickHistoryTC2 -->
    </test> <!-- Default test -->
  </suite> <!-- Default suite -->
</testng-results>
